<?xml version="1.0" encoding="UTF-8"?>
<testsuite name="de.cookiebook.restservice.user.UserControllerTest" tests="3" skipped="0" failures="0" errors="0" timestamp="2021-06-13T22:20:46" hostname="Zhibeks-MacBook-Pro.local" time="0.109">
  <properties/>
  <testcase name="loginUser_200()" classname="de.cookiebook.restservice.user.UserControllerTest" time="0.095"/>
  <testcase name="logUserOut_200()" classname="de.cookiebook.restservice.user.UserControllerTest" time="0.004"/>
  <testcase name="registerUser_200()" classname="de.cookiebook.restservice.user.UserControllerTest" time="0.006"/>
  <system-out><![CDATA[00:20:46.047 [Test worker] INFO de.cookiebook.restservice.user.UserController - test
00:20:46.060 [Test worker] INFO de.cookiebook.restservice.user.UserController - test
00:20:46.063 [Test worker] INFO de.cookiebook.restservice.user.UserController - 0
00:20:46.068 [Test worker] INFO de.cookiebook.restservice.user.UserController - test
00:20:46.069 [Test worker] INFO de.cookiebook.restservice.user.UserController - test
00:20:46.070 [Test worker] INFO de.cookiebook.restservice.user.UserController - 0
00:20:46.105 [Test worker] INFO de.cookiebook.restservice.user.UserController - SUCCESS
00:20:46.105 [Test worker] INFO de.cookiebook.restservice.user.UserController - 0
00:20:46.106 [Test worker] INFO de.cookiebook.restservice.user.UserController - SUCCESS
00:20:46.107 [Test worker] INFO de.cookiebook.restservice.user.UserController - 0
]]></system-out>
  <system-err><![CDATA[]]></system-err>
</testsuite>
