<?xml version="1.0" encoding="UTF-8"?>
<testsuite name="de.cookiebook.restservice.user.UserControllerTest" tests="3" skipped="0" failures="0" errors="0" timestamp="2021-06-15T21:01:15" hostname="Zhibeks-MacBook-Pro.local" time="0.13">
  <properties/>
  <testcase name="loginUser_200()" classname="de.cookiebook.restservice.user.UserControllerTest" time="0.113"/>
  <testcase name="logUserOut_200()" classname="de.cookiebook.restservice.user.UserControllerTest" time="0.005"/>
  <testcase name="registerUser_200()" classname="de.cookiebook.restservice.user.UserControllerTest" time="0.007"/>
  <system-out><![CDATA[23:01:15.748 [Test worker] INFO de.cookiebook.restservice.user.UserController - test
23:01:15.761 [Test worker] INFO de.cookiebook.restservice.user.UserController - test
23:01:15.764 [Test worker] INFO de.cookiebook.restservice.user.UserController - 0
23:01:15.768 [Test worker] INFO de.cookiebook.restservice.user.UserController - test
23:01:15.769 [Test worker] INFO de.cookiebook.restservice.user.UserController - test
23:01:15.771 [Test worker] INFO de.cookiebook.restservice.user.UserController - 0
23:01:15.815 [Test worker] INFO de.cookiebook.restservice.user.UserController - SUCCESS
23:01:15.815 [Test worker] INFO de.cookiebook.restservice.user.UserController - 0
23:01:15.816 [Test worker] INFO de.cookiebook.restservice.user.UserController - SUCCESS
23:01:15.817 [Test worker] INFO de.cookiebook.restservice.user.UserController - 0
]]></system-out>
  <system-err><![CDATA[]]></system-err>
</testsuite>
